<?xml version="1.0" encoding="UTF-8"?>
<testsuite name="br.edu.ifpe.recife.gcms.WebApp.WebAppApplicationTests" tests="1" skipped="0" failures="0" errors="0" timestamp="2023-09-23T21:19:34" hostname="DESKTOP-VJBRE17" time="5.18">
  <properties/>
  <testcase name="contextLoads()" classname="br.edu.ifpe.recife.gcms.WebApp.WebAppApplicationTests" time="5.18"/>
  <system-out><![CDATA[18:19:27.376 [Test worker] INFO org.springframework.test.context.support.AnnotationConfigContextLoaderUtils -- Could not detect default configuration classes for test class [br.edu.ifpe.recife.gcms.WebApp.WebAppApplicationTests]: WebAppApplicationTests does not declare any static, non-private, non-final, nested classes annotated with @Configuration.
18:19:27.861 [Test worker] INFO org.springframework.boot.test.context.SpringBootTestContextBootstrapper -- Found @SpringBootConfiguration br.edu.ifpe.recife.gcms.WebApp.WebAppApplication for test class br.edu.ifpe.recife.gcms.WebApp.WebAppApplicationTests

  .   ____          _            __ _ _
 /\\ / ___'_ __ _ _(_)_ __  __ _ \ \ \ \
( ( )\___ | '_ | '_| | '_ \/ _` | \ \ \ \
 \\/  ___)| |_)| | | | | || (_| |  ) ) ) )
  '  |____| .__|_| |_|_| |_\__, | / / / /
 =========|_|==============|___/=/_/_/_/
 :: Spring Boot ::                (v3.1.4)

2023-09-23T18:19:29.782-03:00  INFO 13812 --- [    Test worker] b.e.i.r.g.WebApp.WebAppApplicationTests  : Starting WebAppApplicationTests using Java 17.0.3.1 with PID 13812 (started by Well in C:\Users\Well\Documents\PROGRAMAS JAVA\WebApp)
2023-09-23T18:19:29.790-03:00  INFO 13812 --- [    Test worker] b.e.i.r.g.WebApp.WebAppApplicationTests  : No active profile set, falling back to 1 default profile: "default"
2023-09-23T18:19:34.773-03:00  INFO 13812 --- [    Test worker] b.e.i.r.g.WebApp.WebAppApplicationTests  : Started WebAppApplicationTests in 6.125 seconds (process running for 11.478)
]]></system-out>
  <system-err><![CDATA[]]></system-err>
</testsuite>
